<?xml version="1.0" encoding="UTF-8"?>
<coverage generated="1666775479741" clover="3.2.0">
  <project timestamp="1666775479741" name="All files">
    <metrics statements="42" coveredstatements="42" conditionals="5" coveredconditionals="5" methods="14" coveredmethods="14" elements="61" coveredelements="61" complexity="0" loc="42" ncloc="42" packages="1" files="4" classes="4"/>
    <file name="account.ts" path="/Users/ritaaktay/Projects/bank challenge/src/account.ts">
      <metrics statements="18" coveredstatements="18" conditionals="3" coveredconditionals="3" methods="5" coveredmethods="5"/>
      <line num="4" count="3" type="stmt"/>
      <line num="10" count="13" type="stmt"/>
      <line num="11" count="13" type="stmt"/>
      <line num="12" count="13" type="stmt"/>
      <line num="15" count="13" type="stmt"/>
      <line num="16" count="3" type="stmt"/>
      <line num="19" count="13" type="stmt"/>
      <line num="20" count="42" type="cond" truecount="2" falsecount="0"/>
      <line num="21" count="30" type="stmt"/>
      <line num="24" count="13" type="stmt"/>
      <line num="25" count="15" type="stmt"/>
      <line num="26" count="15" type="stmt"/>
      <line num="29" count="13" type="stmt"/>
      <line num="30" count="7" type="stmt"/>
      <line num="31" count="7" type="stmt"/>
      <line num="32" count="7" type="cond" truecount="1" falsecount="0"/>
      <line num="33" count="5" type="stmt"/>
      <line num="34" count="5" type="stmt"/>
    </file>
    <file name="createDeposit.ts" path="/Users/ritaaktay/Projects/bank challenge/src/createDeposit.ts">
      <metrics statements="2" coveredstatements="2" conditionals="0" coveredconditionals="0" methods="1" coveredmethods="1"/>
      <line num="1" count="5" type="stmt"/>
      <line num="2" count="12" type="stmt"/>
    </file>
    <file name="createWithdrawal.ts" path="/Users/ritaaktay/Projects/bank challenge/src/createWithdrawal.ts">
      <metrics statements="2" coveredstatements="2" conditionals="0" coveredconditionals="0" methods="1" coveredmethods="1"/>
      <line num="1" count="5" type="stmt"/>
      <line num="2" count="6" type="stmt"/>
    </file>
    <file name="statement.ts" path="/Users/ritaaktay/Projects/bank challenge/src/statement.ts">
      <metrics statements="20" coveredstatements="20" conditionals="2" coveredconditionals="2" methods="7" coveredmethods="7"/>
      <line num="3" count="2" type="stmt"/>
      <line num="7" count="6" type="stmt"/>
      <line num="10" count="6" type="stmt"/>
      <line num="11" count="6" type="stmt"/>
      <line num="12" count="6" type="stmt"/>
      <line num="14" count="8" type="stmt"/>
      <line num="16" count="6" type="stmt"/>
      <line num="19" count="6" type="stmt"/>
      <line num="20" count="6" type="stmt"/>
      <line num="23" count="6" type="stmt"/>
      <line num="24" count="8" type="stmt"/>
      <line num="25" count="8" type="stmt"/>
      <line num="26" count="8" type="stmt"/>
      <line num="27" count="8" type="cond" truecount="2" falsecount="0"/>
      <line num="28" count="6" type="stmt"/>
      <line num="30" count="2" type="stmt"/>
      <line num="34" count="6" type="stmt"/>
      <line num="35" count="8" type="stmt"/>
      <line num="38" count="6" type="stmt"/>
      <line num="39" count="16" type="stmt"/>
    </file>
  </project>
</coverage>
