<?xml version="1.0" encoding="UTF-8"?>
<coverage generated="1666706520872" clover="3.2.0">
  <project timestamp="1666706520872" name="All files">
    <metrics statements="46" coveredstatements="46" conditionals="5" coveredconditionals="5" methods="14" coveredmethods="14" elements="65" coveredelements="65" complexity="0" loc="46" ncloc="46" packages="1" files="5" classes="5"/>
    <file name="account.ts" path="/Users/ritaaktay/Projects/bank challenge/src/account.ts">
      <metrics statements="14" coveredstatements="14" conditionals="3" coveredconditionals="3" methods="4" coveredmethods="4"/>
      <line num="1" count="2" type="stmt"/>
      <line num="2" count="2" type="stmt"/>
      <line num="4" count="2" type="stmt"/>
      <line num="8" count="8" type="stmt"/>
      <line num="11" count="8" type="stmt"/>
      <line num="12" count="20" type="cond" truecount="2" falsecount="0"/>
      <line num="13" count="13" type="stmt"/>
      <line num="16" count="8" type="stmt"/>
      <line num="17" count="9" type="stmt"/>
      <line num="18" count="9" type="stmt"/>
      <line num="21" count="8" type="stmt"/>
      <line num="22" count="4" type="cond" truecount="1" falsecount="0"/>
      <line num="23" count="3" type="stmt"/>
      <line num="24" count="3" type="stmt"/>
    </file>
    <file name="deposit.ts" path="/Users/ritaaktay/Projects/bank challenge/src/deposit.ts">
      <metrics statements="4" coveredstatements="4" conditionals="0" coveredconditionals="0" methods="1" coveredmethods="1"/>
      <line num="1" count="3" type="stmt"/>
      <line num="3" count="3" type="stmt"/>
      <line num="7" count="12" type="stmt"/>
      <line num="8" count="12" type="stmt"/>
    </file>
    <file name="statement.ts" path="/Users/ritaaktay/Projects/bank challenge/src/statement.ts">
      <metrics statements="21" coveredstatements="21" conditionals="2" coveredconditionals="2" methods="7" coveredmethods="7"/>
      <line num="3" count="1" type="stmt"/>
      <line num="5" count="1" type="stmt"/>
      <line num="9" count="3" type="stmt"/>
      <line num="12" count="3" type="stmt"/>
      <line num="13" count="3" type="stmt"/>
      <line num="14" count="3" type="stmt"/>
      <line num="15" count="4" type="stmt"/>
      <line num="17" count="3" type="stmt"/>
      <line num="20" count="3" type="stmt"/>
      <line num="21" count="3" type="stmt"/>
      <line num="24" count="3" type="stmt"/>
      <line num="25" count="4" type="stmt"/>
      <line num="26" count="4" type="stmt"/>
      <line num="27" count="4" type="stmt"/>
      <line num="28" count="4" type="cond" truecount="2" falsecount="0"/>
      <line num="29" count="3" type="stmt"/>
      <line num="31" count="1" type="stmt"/>
      <line num="35" count="3" type="stmt"/>
      <line num="36" count="4" type="stmt"/>
      <line num="39" count="3" type="stmt"/>
      <line num="40" count="8" type="stmt"/>
    </file>
    <file name="transaction.ts" path="/Users/ritaaktay/Projects/bank challenge/src/transaction.ts">
      <metrics statements="3" coveredstatements="3" conditionals="0" coveredconditionals="0" methods="1" coveredmethods="1"/>
      <line num="1" count="5" type="stmt"/>
      <line num="6" count="20" type="stmt"/>
      <line num="7" count="20" type="stmt"/>
    </file>
    <file name="withdrawal.ts" path="/Users/ritaaktay/Projects/bank challenge/src/withdrawal.ts">
      <metrics statements="4" coveredstatements="4" conditionals="0" coveredconditionals="0" methods="1" coveredmethods="1"/>
      <line num="1" count="3" type="stmt"/>
      <line num="3" count="3" type="stmt"/>
      <line num="7" count="6" type="stmt"/>
      <line num="8" count="6" type="stmt"/>
    </file>
  </project>
</coverage>
