{"/Users/ritaaktay/Projects/bank challenge/src/account.ts": {"path":"/Users/ritaaktay/Projects/bank challenge/src/account.ts","statementMap":{"0":{"start":{"line":15,"column":2},"end":{"line":17,"column":4}},"1":{"start":{"line":16,"column":4},"end":{"line":16,"column":29}},"2":{"start":{"line":19,"column":2},"end":{"line":22,"column":4}},"3":{"start":{"line":20,"column":4},"end":{"line":21,"column":72}},"4":{"start":{"line":20,"column":40},"end":{"line":20,"column":49}},"5":{"start":{"line":21,"column":9},"end":{"line":21,"column":72}},"6":{"start":{"line":24,"column":2},"end":{"line":27,"column":4}},"7":{"start":{"line":25,"column":20},"end":{"line":25,"column":62}},"8":{"start":{"line":26,"column":4},"end":{"line":26,"column":36}},"9":{"start":{"line":29,"column":2},"end":{"line":35,"column":4}},"10":{"start":{"line":30,"column":4},"end":{"line":30,"column":32}},"11":{"start":{"line":31,"column":4},"end":{"line":31,"column":24}},"12":{"start":{"line":32,"column":4},"end":{"line":32,"column":67}},"13":{"start":{"line":32,"column":33},"end":{"line":32,"column":67}},"14":{"start":{"line":33,"column":23},"end":{"line":33,"column":68}},"15":{"start":{"line":34,"column":4},"end":{"line":34,"column":39}},"16":{"start":{"line":10,"column":4},"end":{"line":10,"column":27}},"17":{"start":{"line":11,"column":4},"end":{"line":11,"column":39}},"18":{"start":{"line":12,"column":4},"end":{"line":12,"column":33}},"19":{"start":{"line":4,"column":0},"end":{"line":4,"column":13}}},"fnMap":{"0":{"name":"(anonymous_0)","decl":{"start":{"line":9,"column":2},"end":{"line":9,"column":14}},"loc":{"start":{"line":9,"column":73},"end":{"line":13,"column":3}}},"1":{"name":"(anonymous_1)","decl":{"start":{"line":15,"column":20},"end":{"line":15,"column":38}},"loc":{"start":{"line":15,"column":40},"end":{"line":17,"column":3}}},"2":{"name":"(anonymous_2)","decl":{"start":{"line":19,"column":12},"end":{"line":19,"column":23}},"loc":{"start":{"line":19,"column":25},"end":{"line":22,"column":3}}},"3":{"name":"(anonymous_3)","decl":{"start":{"line":24,"column":16},"end":{"line":24,"column":17}},"loc":{"start":{"line":24,"column":35},"end":{"line":27,"column":3}}},"4":{"name":"(anonymous_4)","decl":{"start":{"line":29,"column":19},"end":{"line":29,"column":20}},"loc":{"start":{"line":29,"column":38},"end":{"line":35,"column":3}}}},"branchMap":{"0":{"loc":{"start":{"line":20,"column":4},"end":{"line":21,"column":72}},"type":"if","locations":[{"start":{"line":20,"column":4},"end":{"line":21,"column":72}},{"start":{"line":21,"column":9},"end":{"line":21,"column":72}}]},"1":{"loc":{"start":{"line":32,"column":4},"end":{"line":32,"column":67}},"type":"if","locations":[{"start":{"line":32,"column":4},"end":{"line":32,"column":67}}]}},"s":{"0":13,"1":3,"2":13,"3":42,"4":12,"5":30,"6":13,"7":15,"8":15,"9":13,"10":7,"11":7,"12":7,"13":2,"14":5,"15":5,"16":13,"17":13,"18":13,"19":3},"f":{"0":13,"1":3,"2":42,"3":15,"4":7},"b":{"0":[12,30],"1":[2]}}
,"/Users/ritaaktay/Projects/bank challenge/src/createDeposit.ts": {"path":"/Users/ritaaktay/Projects/bank challenge/src/createDeposit.ts","statementMap":{"0":{"start":{"line":2,"column":2},"end":{"line":7,"column":4}},"1":{"start":{"line":1,"column":0},"end":{"line":1,"column":25}}},"fnMap":{"0":{"name":"default_1","decl":{"start":{"line":1,"column":0},"end":{"line":1,"column":25}},"loc":{"start":{"line":1,"column":56},"end":{"line":8,"column":1}}}},"branchMap":{},"s":{"0":12,"1":5},"f":{"0":12},"b":{}}
,"/Users/ritaaktay/Projects/bank challenge/src/createWithdrawal.ts": {"path":"/Users/ritaaktay/Projects/bank challenge/src/createWithdrawal.ts","statementMap":{"0":{"start":{"line":2,"column":2},"end":{"line":7,"column":4}},"1":{"start":{"line":1,"column":0},"end":{"line":1,"column":25}}},"fnMap":{"0":{"name":"default_1","decl":{"start":{"line":1,"column":0},"end":{"line":1,"column":25}},"loc":{"start":{"line":1,"column":56},"end":{"line":8,"column":1}}}},"branchMap":{},"s":{"0":6,"1":5},"f":{"0":6},"b":{}}
,"/Users/ritaaktay/Projects/bank challenge/src/statement.ts": {"path":"/Users/ritaaktay/Projects/bank challenge/src/statement.ts","statementMap":{"0":{"start":{"line":10,"column":2},"end":{"line":17,"column":4}},"1":{"start":{"line":11,"column":20},"end":{"line":11,"column":36}},"2":{"start":{"line":12,"column":4},"end":{"line":15,"column":18}},"3":{"start":{"line":14,"column":28},"end":{"line":14,"column":63}},"4":{"start":{"line":16,"column":4},"end":{"line":16,"column":21}},"5":{"start":{"line":19,"column":2},"end":{"line":21,"column":4}},"6":{"start":{"line":20,"column":4},"end":{"line":20,"column":50}},"7":{"start":{"line":23,"column":2},"end":{"line":32,"column":4}},"8":{"start":{"line":24,"column":17},"end":{"line":24,"column":50}},"9":{"start":{"line":25,"column":19},"end":{"line":25,"column":56}},"10":{"start":{"line":26,"column":20},"end":{"line":26,"column":58}},"11":{"start":{"line":27,"column":4},"end":{"line":31,"column":null}},"12":{"start":{"line":28,"column":6},"end":{"line":28,"column":58}},"13":{"start":{"line":30,"column":6},"end":{"line":30,"column":58}},"14":{"start":{"line":34,"column":2},"end":{"line":36,"column":4}},"15":{"start":{"line":35,"column":4},"end":{"line":35,"column":54}},"16":{"start":{"line":38,"column":2},"end":{"line":40,"column":4}},"17":{"start":{"line":39,"column":4},"end":{"line":39,"column":29}},"18":{"start":{"line":7,"column":4},"end":{"line":7,"column":27}},"19":{"start":{"line":3,"column":0},"end":{"line":3,"column":13}}},"fnMap":{"0":{"name":"(anonymous_0)","decl":{"start":{"line":6,"column":2},"end":{"line":6,"column":14}},"loc":{"start":{"line":6,"column":30},"end":{"line":8,"column":3}}},"1":{"name":"(anonymous_1)","decl":{"start":{"line":10,"column":13},"end":{"line":10,"column":24}},"loc":{"start":{"line":10,"column":26},"end":{"line":17,"column":3}}},"2":{"name":"(anonymous_2)","decl":{"start":{"line":14,"column":11},"end":{"line":14,"column":12}},"loc":{"start":{"line":14,"column":28},"end":{"line":14,"column":63}}},"3":{"name":"(anonymous_3)","decl":{"start":{"line":19,"column":14},"end":{"line":19,"column":25}},"loc":{"start":{"line":19,"column":27},"end":{"line":21,"column":3}}},"4":{"name":"(anonymous_4)","decl":{"start":{"line":23,"column":22},"end":{"line":23,"column":23}},"loc":{"start":{"line":23,"column":59},"end":{"line":32,"column":3}}},"5":{"name":"(anonymous_5)","decl":{"start":{"line":34,"column":15},"end":{"line":34,"column":16}},"loc":{"start":{"line":34,"column":38},"end":{"line":36,"column":3}}},"6":{"name":"(anonymous_6)","decl":{"start":{"line":38,"column":17},"end":{"line":38,"column":18}},"loc":{"start":{"line":38,"column":44},"end":{"line":40,"column":3}}}},"branchMap":{"0":{"loc":{"start":{"line":27,"column":4},"end":{"line":31,"column":null}},"type":"if","locations":[{"start":{"line":27,"column":4},"end":{"line":31,"column":null}},{"start":{"line":29,"column":11},"end":{"line":31,"column":null}}]}},"s":{"0":6,"1":6,"2":6,"3":8,"4":6,"5":6,"6":6,"7":6,"8":8,"9":8,"10":8,"11":8,"12":6,"13":2,"14":6,"15":8,"16":6,"17":16,"18":6,"19":2},"f":{"0":6,"1":6,"2":8,"3":6,"4":8,"5":8,"6":16},"b":{"0":[6,2]}}
}
