{"/Users/ritaaktay/Projects/bank challenge/src/account.ts": {"path":"/Users/ritaaktay/Projects/bank challenge/src/account.ts","statementMap":{"0":{"start":{"line":1,"column":0},"end":{"line":1,"column":36}},"1":{"start":{"line":2,"column":0},"end":{"line":2,"column":42}},"2":{"start":{"line":11,"column":2},"end":{"line":14,"column":4}},"3":{"start":{"line":12,"column":4},"end":{"line":13,"column":72}},"4":{"start":{"line":12,"column":39},"end":{"line":12,"column":48}},"5":{"start":{"line":13,"column":9},"end":{"line":13,"column":72}},"6":{"start":{"line":16,"column":2},"end":{"line":19,"column":4}},"7":{"start":{"line":17,"column":20},"end":{"line":17,"column":55}},"8":{"start":{"line":18,"column":4},"end":{"line":18,"column":36}},"9":{"start":{"line":21,"column":2},"end":{"line":25,"column":4}},"10":{"start":{"line":22,"column":4},"end":{"line":22,"column":67}},"11":{"start":{"line":22,"column":33},"end":{"line":22,"column":67}},"12":{"start":{"line":23,"column":23},"end":{"line":23,"column":61}},"13":{"start":{"line":24,"column":4},"end":{"line":24,"column":39}},"14":{"start":{"line":8,"column":4},"end":{"line":8,"column":27}},"15":{"start":{"line":4,"column":0},"end":{"line":4,"column":13}}},"fnMap":{"0":{"name":"(anonymous_0)","decl":{"start":{"line":7,"column":2},"end":{"line":7,"column":null}},"loc":{"start":{"line":7,"column":2},"end":{"line":9,"column":3}}},"1":{"name":"(anonymous_1)","decl":{"start":{"line":11,"column":12},"end":{"line":11,"column":23}},"loc":{"start":{"line":11,"column":25},"end":{"line":14,"column":3}}},"2":{"name":"(anonymous_2)","decl":{"start":{"line":16,"column":16},"end":{"line":16,"column":17}},"loc":{"start":{"line":16,"column":35},"end":{"line":19,"column":3}}},"3":{"name":"(anonymous_3)","decl":{"start":{"line":21,"column":19},"end":{"line":21,"column":20}},"loc":{"start":{"line":21,"column":38},"end":{"line":25,"column":3}}}},"branchMap":{"0":{"loc":{"start":{"line":12,"column":4},"end":{"line":13,"column":72}},"type":"if","locations":[{"start":{"line":12,"column":4},"end":{"line":13,"column":72}},{"start":{"line":13,"column":9},"end":{"line":13,"column":72}}]},"1":{"loc":{"start":{"line":22,"column":4},"end":{"line":22,"column":67}},"type":"if","locations":[{"start":{"line":22,"column":4},"end":{"line":22,"column":67}}]}},"s":{"0":2,"1":2,"2":8,"3":20,"4":7,"5":13,"6":8,"7":9,"8":9,"9":8,"10":4,"11":1,"12":3,"13":3,"14":8,"15":2},"f":{"0":8,"1":20,"2":9,"3":4},"b":{"0":[7,13],"1":[1]}}
,"/Users/ritaaktay/Projects/bank challenge/src/deposit.ts": {"path":"/Users/ritaaktay/Projects/bank challenge/src/deposit.ts","statementMap":{"0":{"start":{"line":1,"column":0},"end":{"line":1,"column":44}},"1":{"start":{"line":7,"column":4},"end":{"line":7,"column":18}},"2":{"start":{"line":8,"column":4},"end":{"line":8,"column":36}},"3":{"start":{"line":3,"column":0},"end":{"line":3,"column":13}}},"fnMap":{"0":{"name":"(anonymous_0)","decl":{"start":{"line":6,"column":2},"end":{"line":6,"column":14}},"loc":{"start":{"line":6,"column":45},"end":{"line":9,"column":3}}}},"branchMap":{},"s":{"0":3,"1":12,"2":12,"3":3},"f":{"0":12},"b":{}}
,"/Users/ritaaktay/Projects/bank challenge/src/statement.ts": {"path":"/Users/ritaaktay/Projects/bank challenge/src/statement.ts","statementMap":{"0":{"start":{"line":3,"column":0},"end":{"line":3,"column":36}},"1":{"start":{"line":12,"column":2},"end":{"line":18,"column":4}},"2":{"start":{"line":13,"column":20},"end":{"line":13,"column":36}},"3":{"start":{"line":14,"column":4},"end":{"line":16,"column":18}},"4":{"start":{"line":15,"column":28},"end":{"line":15,"column":63}},"5":{"start":{"line":17,"column":4},"end":{"line":17,"column":21}},"6":{"start":{"line":20,"column":2},"end":{"line":22,"column":4}},"7":{"start":{"line":21,"column":4},"end":{"line":21,"column":50}},"8":{"start":{"line":24,"column":2},"end":{"line":33,"column":4}},"9":{"start":{"line":25,"column":17},"end":{"line":25,"column":50}},"10":{"start":{"line":26,"column":19},"end":{"line":26,"column":56}},"11":{"start":{"line":27,"column":20},"end":{"line":27,"column":58}},"12":{"start":{"line":28,"column":4},"end":{"line":32,"column":null}},"13":{"start":{"line":29,"column":6},"end":{"line":29,"column":58}},"14":{"start":{"line":31,"column":6},"end":{"line":31,"column":58}},"15":{"start":{"line":35,"column":2},"end":{"line":37,"column":4}},"16":{"start":{"line":36,"column":4},"end":{"line":36,"column":54}},"17":{"start":{"line":39,"column":2},"end":{"line":41,"column":4}},"18":{"start":{"line":40,"column":4},"end":{"line":40,"column":29}},"19":{"start":{"line":9,"column":4},"end":{"line":9,"column":27}},"20":{"start":{"line":5,"column":0},"end":{"line":5,"column":13}}},"fnMap":{"0":{"name":"(anonymous_0)","decl":{"start":{"line":8,"column":2},"end":{"line":8,"column":14}},"loc":{"start":{"line":8,"column":30},"end":{"line":10,"column":3}}},"1":{"name":"(anonymous_1)","decl":{"start":{"line":12,"column":13},"end":{"line":12,"column":24}},"loc":{"start":{"line":12,"column":26},"end":{"line":18,"column":3}}},"2":{"name":"(anonymous_2)","decl":{"start":{"line":15,"column":11},"end":{"line":15,"column":12}},"loc":{"start":{"line":15,"column":28},"end":{"line":15,"column":63}}},"3":{"name":"(anonymous_3)","decl":{"start":{"line":20,"column":14},"end":{"line":20,"column":25}},"loc":{"start":{"line":20,"column":27},"end":{"line":22,"column":3}}},"4":{"name":"(anonymous_4)","decl":{"start":{"line":24,"column":22},"end":{"line":24,"column":23}},"loc":{"start":{"line":24,"column":68},"end":{"line":33,"column":3}}},"5":{"name":"(anonymous_5)","decl":{"start":{"line":35,"column":15},"end":{"line":35,"column":16}},"loc":{"start":{"line":35,"column":38},"end":{"line":37,"column":3}}},"6":{"name":"(anonymous_6)","decl":{"start":{"line":39,"column":17},"end":{"line":39,"column":18}},"loc":{"start":{"line":39,"column":44},"end":{"line":41,"column":3}}}},"branchMap":{"0":{"loc":{"start":{"line":28,"column":4},"end":{"line":32,"column":null}},"type":"if","locations":[{"start":{"line":28,"column":4},"end":{"line":32,"column":null}},{"start":{"line":30,"column":11},"end":{"line":32,"column":null}}]}},"s":{"0":1,"1":3,"2":3,"3":3,"4":4,"5":3,"6":3,"7":3,"8":3,"9":4,"10":4,"11":4,"12":4,"13":3,"14":1,"15":3,"16":4,"17":3,"18":8,"19":3,"20":1},"f":{"0":3,"1":3,"2":4,"3":3,"4":4,"5":4,"6":8},"b":{"0":[3,1]}}
,"/Users/ritaaktay/Projects/bank challenge/src/transaction.ts": {"path":"/Users/ritaaktay/Projects/bank challenge/src/transaction.ts","statementMap":{"0":{"start":{"line":6,"column":4},"end":{"line":6,"column":25}},"1":{"start":{"line":7,"column":4},"end":{"line":7,"column":27}},"2":{"start":{"line":1,"column":0},"end":{"line":1,"column":13}}},"fnMap":{"0":{"name":"(anonymous_0)","decl":{"start":{"line":5,"column":2},"end":{"line":5,"column":14}},"loc":{"start":{"line":5,"column":28},"end":{"line":8,"column":3}}}},"branchMap":{},"s":{"0":20,"1":20,"2":5},"f":{"0":20},"b":{}}
,"/Users/ritaaktay/Projects/bank challenge/src/withdrawal.ts": {"path":"/Users/ritaaktay/Projects/bank challenge/src/withdrawal.ts","statementMap":{"0":{"start":{"line":1,"column":0},"end":{"line":1,"column":44}},"1":{"start":{"line":7,"column":4},"end":{"line":7,"column":18}},"2":{"start":{"line":8,"column":4},"end":{"line":8,"column":36}},"3":{"start":{"line":3,"column":0},"end":{"line":3,"column":13}}},"fnMap":{"0":{"name":"(anonymous_0)","decl":{"start":{"line":6,"column":2},"end":{"line":6,"column":14}},"loc":{"start":{"line":6,"column":45},"end":{"line":9,"column":3}}}},"branchMap":{},"s":{"0":3,"1":6,"2":6,"3":3},"f":{"0":6},"b":{}}
}
