TN:
SF:src/account.ts
FN:9,(anonymous_0)
FN:15,(anonymous_1)
FN:19,(anonymous_2)
FN:24,(anonymous_3)
FN:29,(anonymous_4)
FNF:5
FNH:5
FNDA:13,(anonymous_0)
FNDA:3,(anonymous_1)
FNDA:42,(anonymous_2)
FNDA:15,(anonymous_3)
FNDA:7,(anonymous_4)
DA:4,3
DA:10,13
DA:11,13
DA:12,13
DA:15,13
DA:16,3
DA:19,13
DA:20,42
DA:21,30
DA:24,13
DA:25,15
DA:26,15
DA:29,13
DA:30,7
DA:31,7
DA:32,7
DA:33,5
DA:34,5
LF:18
LH:18
BRDA:20,0,0,12
BRDA:20,0,1,30
BRDA:32,1,0,2
BRF:3
BRH:3
end_of_record
TN:
SF:src/createDeposit.ts
FN:1,default_1
FNF:1
FNH:1
FNDA:12,default_1
DA:1,5
DA:2,12
LF:2
LH:2
BRF:0
BRH:0
end_of_record
TN:
SF:src/createWithdrawal.ts
FN:1,default_1
FNF:1
FNH:1
FNDA:6,default_1
DA:1,5
DA:2,6
LF:2
LH:2
BRF:0
BRH:0
end_of_record
TN:
SF:src/statement.ts
FN:6,(anonymous_0)
FN:10,(anonymous_1)
FN:14,(anonymous_2)
FN:19,(anonymous_3)
FN:23,(anonymous_4)
FN:34,(anonymous_5)
FN:38,(anonymous_6)
FNF:7
FNH:7
FNDA:6,(anonymous_0)
FNDA:6,(anonymous_1)
FNDA:8,(anonymous_2)
FNDA:6,(anonymous_3)
FNDA:8,(anonymous_4)
FNDA:8,(anonymous_5)
FNDA:16,(anonymous_6)
DA:3,2
DA:7,6
DA:10,6
DA:11,6
DA:12,6
DA:14,8
DA:16,6
DA:19,6
DA:20,6
DA:23,6
DA:24,8
DA:25,8
DA:26,8
DA:27,8
DA:28,6
DA:30,2
DA:34,6
DA:35,8
DA:38,6
DA:39,16
LF:20
LH:20
BRDA:27,0,0,6
BRDA:27,0,1,2
BRF:2
BRH:2
end_of_record
