TN:
SF:src/account.ts
FN:7,(anonymous_0)
FN:11,(anonymous_1)
FN:16,(anonymous_2)
FN:21,(anonymous_3)
FNF:4
FNH:4
FNDA:8,(anonymous_0)
FNDA:20,(anonymous_1)
FNDA:9,(anonymous_2)
FNDA:4,(anonymous_3)
DA:1,2
DA:2,2
DA:4,2
DA:8,8
DA:11,8
DA:12,20
DA:13,13
DA:16,8
DA:17,9
DA:18,9
DA:21,8
DA:22,4
DA:23,3
DA:24,3
LF:14
LH:14
BRDA:12,0,0,7
BRDA:12,0,1,13
BRDA:22,1,0,1
BRF:3
BRH:3
end_of_record
TN:
SF:src/deposit.ts
FN:6,(anonymous_0)
FNF:1
FNH:1
FNDA:12,(anonymous_0)
DA:1,3
DA:3,3
DA:7,12
DA:8,12
LF:4
LH:4
BRF:0
BRH:0
end_of_record
TN:
SF:src/statement.ts
FN:8,(anonymous_0)
FN:12,(anonymous_1)
FN:15,(anonymous_2)
FN:20,(anonymous_3)
FN:24,(anonymous_4)
FN:35,(anonymous_5)
FN:39,(anonymous_6)
FNF:7
FNH:7
FNDA:3,(anonymous_0)
FNDA:3,(anonymous_1)
FNDA:4,(anonymous_2)
FNDA:3,(anonymous_3)
FNDA:4,(anonymous_4)
FNDA:4,(anonymous_5)
FNDA:8,(anonymous_6)
DA:3,1
DA:5,1
DA:9,3
DA:12,3
DA:13,3
DA:14,3
DA:15,4
DA:17,3
DA:20,3
DA:21,3
DA:24,3
DA:25,4
DA:26,4
DA:27,4
DA:28,4
DA:29,3
DA:31,1
DA:35,3
DA:36,4
DA:39,3
DA:40,8
LF:21
LH:21
BRDA:28,0,0,3
BRDA:28,0,1,1
BRF:2
BRH:2
end_of_record
TN:
SF:src/transaction.ts
FN:5,(anonymous_0)
FNF:1
FNH:1
FNDA:20,(anonymous_0)
DA:1,5
DA:6,20
DA:7,20
LF:3
LH:3
BRF:0
BRH:0
end_of_record
TN:
SF:src/withdrawal.ts
FN:6,(anonymous_0)
FNF:1
FNH:1
FNDA:6,(anonymous_0)
DA:1,3
DA:3,3
DA:7,6
DA:8,6
LF:4
LH:4
BRF:0
BRH:0
end_of_record
